nohup: ignoring input
Traceback (most recent call last):
  File "/root/botFarm/scheduler.py", line 17, in <module>
    schedule.run_pending()
  File "/usr/local/lib/python3.10/dist-packages/schedule/__init__.py", line 854, in run_pending
    default_scheduler.run_pending()
  File "/usr/local/lib/python3.10/dist-packages/schedule/__init__.py", line 101, in run_pending
    self._run_job(job)
  File "/usr/local/lib/python3.10/dist-packages/schedule/__init__.py", line 173, in _run_job
    ret = job.run()
  File "/usr/local/lib/python3.10/dist-packages/schedule/__init__.py", line 691, in run
    ret = self.job_func()
  File "/root/botFarm/scheduler.py", line 6, in run_login_and_post_script
    subprocess.run(["python", "loginAndPost.py"])
  File "/usr/lib/python3.10/subprocess.py", line 503, in run
    with Popen(*popenargs, **kwargs) as process:
  File "/usr/lib/python3.10/subprocess.py", line 971, in __init__
    self._execute_child(args, executable, preexec_fn, close_fds,
  File "/usr/lib/python3.10/subprocess.py", line 1863, in _execute_child
    raise child_exception_type(errno_num, err_msg, err_filename)
FileNotFoundError: [Errno 2] No such file or directory: 'python'
